MonstersDiscovery/app/build/outputs/logs/manifest-merger-debug-report.txt
-- Merging decision tree log ---
manifest
ADDED from src/main/AndroidManifest.xml:2:1-97:12
INJECTED from src/main/AndroidManifest.xml:2:1-97:12
INJECTED from src/main/AndroidManifest.xml:2:1-97:12
INJECTED from src/main/AndroidManifest.xml:2:1-97:12
MERGED from [com.android.support:support-fragment:28.0.0] AndroidManifest.xml:17:1-22:12
MERGED from [com.android.support:support-core-ui:28.0.0] AndroidManifest.xml:17:1-22:12
MERGED from [com.android.support:support-core-utils:28.0.0] AndroidManifest.xml:17:1-22:12
MERGED from [com.android.support:loader:28.0.0] AndroidManifest.xml:17:1-22:12
MERGED from [com.android.support:viewpager:28.0.0] AndroidManifest.xml:17:1-22:12
MERGED from [com.android.support:coordinatorlayout:28.0.0] AndroidManifest.xml:17:1-22:12
MERGED from [com.android.support:drawerlayout:28.0.0] AndroidManifest.xml:17:1-22:12
MERGED from [com.android.support:slidingpanelayout:28.0.0] AndroidManifest.xml:17:1-22:12
MERGED from [com.android.support:customview:28.0.0] AndroidManifest.xml:17:1-22:12
MERGED from [com.android.support:swiperefreshlayout:28.0.0] AndroidManifest.xml:17:1-22:12
MERGED from [com.android.support:asynclayoutinflater:28.0.0] AndroidManifest.xml:17:1-22:12
MERGED from [com.android.support:support-compat:28.0.0] AndroidManifest.xml:17:1-24:12
MERGED from [android.arch.lifecycle:viewmodel:1.1.1] AndroidManifest.xml:17:1-22:12
MERGED from [com.android.support:versionedparcelable:28.0.0] AndroidManifest.xml:17:1-25:12
MERGED from [android.arch.lifecycle:runtime:1.1.1] AndroidManifest.xml:17:1-22:12
MERGED from [com.android.support:interpolator:28.0.0] AndroidManifest.xml:17:1-22:12
MERGED from [com.android.support:cursoradapter:28.0.0] AndroidManifest.xml:17:1-22:12
MERGED from [com.android.support:documentfile:28.0.0] AndroidManifest.xml:17:1-22:12
MERGED from [com.android.support:localbroadcastmanager:28.0.0] AndroidManifest.xml:17:1-22:12
MERGED from [com.android.support:print:28.0.0] AndroidManifest.xml:17:1-22:12
MERGED from [android.arch.lifecycle:livedata:1.1.1] AndroidManifest.xml:17:1-22:12
MERGED from [android.arch.lifecycle:livedata-core:1.1.1] AndroidManifest.xml:17:1-22:12
MERGED from [android.arch.core:runtime:1.1.1] AndroidManifest.xml:17:1-22:12
INJECTED from src/main/AndroidManifest.xml:2:1-97:12
INJECTED from src/main/AndroidManifest.xml:2:1-97:12
INJECTED from src/main/AndroidManifest.xml:2:1-97:12
	package
		ADDED from src/main/AndroidManifest.xml:4:9-51
		INJECTED from src/main/AndroidManifest.xml
		INJECTED from src/main/AndroidManifest.xml
	android:versionName
		INJECTED from src/main/AndroidManifest.xml
		ADDED from src/main/AndroidManifest.xml:2:1-97:12
		INJECTED from src/main/AndroidManifest.xml
	xmlns:tools
		ADDED from src/main/AndroidManifest.xml:3:5-51
	android:versionCode
		INJECTED from src/main/AndroidManifest.xml
		ADDED from src/main/AndroidManifest.xml:2:1-97:12
		INJECTED from src/main/AndroidManifest.xml
	xmlns:android
		ADDED from src/main/AndroidManifest.xml:2:11-69
	android:installLocation
		ADDED from src/main/AndroidManifest.xml:5:9-39
supports-screens
ADDED from src/main/AndroidManifest.xml:7:9-12:54
	android:largeScreens
		ADDED from src/main/AndroidManifest.xml:11:23-50
	android:smallScreens
		ADDED from src/main/AndroidManifest.xml:9:4-32
	android:normalScreens
		ADDED from src/main/AndroidManifest.xml:10:23-51
	android:xlargeScreens
		ADDED from src/main/AndroidManifest.xml:12:23-51
	android:anyDensity
		ADDED from src/main/AndroidManifest.xml:8:4-29
uses-permission#android.permission.INTERNET
ADDED from src/main/AndroidManifest.xml:14:9-71
	android:name
		ADDED from src/main/AndroidManifest.xml:14:26-68
application
ADDED from src/main/AndroidManifest.xml:16:6-96:20
MERGED from [com.android.support:support-compat:28.0.0] AndroidManifest.xml:22:5-94
MERGED from [com.android.support:support-compat:28.0.0] AndroidManifest.xml:22:5-94
MERGED from [com.android.support:versionedparcelable:28.0.0] AndroidManifest.xml:22:5-23:19
MERGED from [com.android.support:versionedparcelable:28.0.0] AndroidManifest.xml:22:5-23:19
	android:appComponentFactory
		ADDED from [com.android.support:support-compat:28.0.0] AndroidManifest.xml:22:18-91
	android:label
		ADDED from src/main/AndroidManifest.xml:17:13-45
	android:hardwareAccelerated
		ADDED from src/main/AndroidManifest.xml:18:13-47
	tools:ignore
		ADDED from src/main/AndroidManifest.xml:21:13-52
	android:largeHeap
		ADDED from src/main/AndroidManifest.xml:19:13-37
	android:icon
		ADDED from src/main/AndroidManifest.xml:16:19-53
	android:allowBackup
		ADDED from src/main/AndroidManifest.xml:20:13-39
activity#com.invenktion.monstersdiscovery.SplashScreenActivity
ADDED from src/main/AndroidManifest.xml:23:10-32:21
	android:screenOrientation
		ADDED from src/main/AndroidManifest.xml:26:20-57
	android:label
		ADDED from src/main/AndroidManifest.xml:24:20-52
	android:configChanges
		ADDED from src/main/AndroidManifest.xml:27:20-97
	android:theme
		ADDED from src/main/AndroidManifest.xml:25:20-58
	android:name
		ADDED from src/main/AndroidManifest.xml:23:20-56
intent-filter#action:name:android.intent.action.MAIN+category:name:android.intent.category.LAUNCHER
ADDED from src/main/AndroidManifest.xml:28:14-31:30
action#android.intent.action.MAIN
ADDED from src/main/AndroidManifest.xml:29:18-70
	android:name
		ADDED from src/main/AndroidManifest.xml:29:26-67
category#android.intent.category.LAUNCHER
ADDED from src/main/AndroidManifest.xml:30:18-78
	android:name
		ADDED from src/main/AndroidManifest.xml:30:28-75
activity#com.invenktion.monstersdiscovery.DrawChallengeActivity
ADDED from src/main/AndroidManifest.xml:33:10-41:21
	android:screenOrientation
		ADDED from src/main/AndroidManifest.xml:36:20-57
	android:label
		ADDED from src/main/AndroidManifest.xml:34:20-52
	android:configChanges
		ADDED from src/main/AndroidManifest.xml:37:20-97
	android:theme
		ADDED from src/main/AndroidManifest.xml:35:20-58
	android:name
		ADDED from src/main/AndroidManifest.xml:33:20-57
intent-filter#category:name:android.intent.category.LAUNCHER
ADDED from src/main/AndroidManifest.xml:38:14-40:30
activity#com.invenktion.monstersdiscovery.MenuActivity
ADDED from src/main/AndroidManifest.xml:42:10-50:21
	android:screenOrientation
		ADDED from src/main/AndroidManifest.xml:45:20-57
	android:label
		ADDED from src/main/AndroidManifest.xml:43:20-52
	android:configChanges
		ADDED from src/main/AndroidManifest.xml:46:20-97
	android:theme
		ADDED from src/main/AndroidManifest.xml:44:20-58
	android:name
		ADDED from src/main/AndroidManifest.xml:42:20-48
activity#com.invenktion.monstersdiscovery.CreditsActivity
ADDED from src/main/AndroidManifest.xml:51:10-59:21
	android:screenOrientation
		ADDED from src/main/AndroidManifest.xml:54:20-57
	android:label
		ADDED from src/main/AndroidManifest.xml:52:20-52
	android:configChanges
		ADDED from src/main/AndroidManifest.xml:55:20-97
	android:theme
		ADDED from src/main/AndroidManifest.xml:53:20-58
	android:name
		ADDED from src/main/AndroidManifest.xml:51:20-51
activity#com.invenktion.monstersdiscovery.ArcadeModeChooseLevelActivity
ADDED from src/main/AndroidManifest.xml:60:10-68:21
	android:screenOrientation
		ADDED from src/main/AndroidManifest.xml:63:20-57
	android:label
		ADDED from src/main/AndroidManifest.xml:61:20-52
	android:configChanges
		ADDED from src/main/AndroidManifest.xml:64:20-97
	android:theme
		ADDED from src/main/AndroidManifest.xml:62:20-58
	android:name
		ADDED from src/main/AndroidManifest.xml:60:20-65
activity#com.invenktion.monstersdiscovery.SectionChoosingActivity
ADDED from src/main/AndroidManifest.xml:69:10-77:21
	android:screenOrientation
		ADDED from src/main/AndroidManifest.xml:72:20-57
	android:label
		ADDED from src/main/AndroidManifest.xml:70:20-52
	android:configChanges
		ADDED from src/main/AndroidManifest.xml:73:20-97
	android:theme
		ADDED from src/main/AndroidManifest.xml:71:20-58
	android:name
		ADDED from src/main/AndroidManifest.xml:69:20-59
activity#com.invenktion.monstersdiscovery.AtelierChoosingPictureActivity
ADDED from src/main/AndroidManifest.xml:78:10-86:21
	android:screenOrientation
		ADDED from src/main/AndroidManifest.xml:81:20-57
	android:label
		ADDED from src/main/AndroidManifest.xml:79:20-52
	android:configChanges
		ADDED from src/main/AndroidManifest.xml:82:20-97
	android:theme
		ADDED from src/main/AndroidManifest.xml:80:20-58
	android:name
		ADDED from src/main/AndroidManifest.xml:78:20-66
activity#com.invenktion.monstersdiscovery.AmmoActivity
ADDED from src/main/AndroidManifest.xml:87:10-95:21
	android:screenOrientation
		ADDED from src/main/AndroidManifest.xml:90:20-57
	android:label
		ADDED from src/main/AndroidManifest.xml:88:20-52
	android:configChanges
		ADDED from src/main/AndroidManifest.xml:91:20-97
	android:theme
		ADDED from src/main/AndroidManifest.xml:89:20-58
	android:name
		ADDED from src/main/AndroidManifest.xml:87:20-48
uses-sdk
INJECTED from src/main/AndroidManifest.xml reason: use-sdk injection requested
INJECTED from src/main/AndroidManifest.xml
INJECTED from src/main/AndroidManifest.xml
MERGED from [com.android.support:support-fragment:28.0.0] AndroidManifest.xml:20:5-44
MERGED from [com.android.support:support-fragment:28.0.0] AndroidManifest.xml:20:5-44
MERGED from [com.android.support:support-core-ui:28.0.0] AndroidManifest.xml:20:5-44
MERGED from [com.android.support:support-core-ui:28.0.0] AndroidManifest.xml:20:5-44
MERGED from [com.android.support:support-core-utils:28.0.0] AndroidManifest.xml:20:5-44
MERGED from [com.android.support:support-core-utils:28.0.0] AndroidManifest.xml:20:5-44
MERGED from [com.android.support:loader:28.0.0] AndroidManifest.xml:20:5-44
MERGED from [com.android.support:loader:28.0.0] AndroidManifest.xml:20:5-44
MERGED from [com.android.support:viewpager:28.0.0] AndroidManifest.xml:20:5-44
MERGED from [com.android.support:viewpager:28.0.0] AndroidManifest.xml:20:5-44
MERGED from [com.android.support:coordinatorlayout:28.0.0] AndroidManifest.xml:20:5-44
MERGED from [com.android.support:coordinatorlayout:28.0.0] AndroidManifest.xml:20:5-44
MERGED from [com.android.support:drawerlayout:28.0.0] AndroidManifest.xml:20:5-44
MERGED from [com.android.support:drawerlayout:28.0.0] AndroidManifest.xml:20:5-44
MERGED from [com.android.support:slidingpanelayout:28.0.0] AndroidManifest.xml:20:5-44
MERGED from [com.android.support:slidingpanelayout:28.0.0] AndroidManifest.xml:20:5-44
MERGED from [com.android.support:customview:28.0.0] AndroidManifest.xml:20:5-44
MERGED from [com.android.support:customview:28.0.0] AndroidManifest.xml:20:5-44
MERGED from [com.android.support:swiperefreshlayout:28.0.0] AndroidManifest.xml:20:5-44
MERGED from [com.android.support:swiperefreshlayout:28.0.0] AndroidManifest.xml:20:5-44
MERGED from [com.android.support:asynclayoutinflater:28.0.0] AndroidManifest.xml:20:5-44
MERGED from [com.android.support:asynclayoutinflater:28.0.0] AndroidManifest.xml:20:5-44
MERGED from [com.android.support:support-compat:28.0.0] AndroidManifest.xml:20:5-44
MERGED from [com.android.support:support-compat:28.0.0] AndroidManifest.xml:20:5-44
MERGED from [android.arch.lifecycle:viewmodel:1.1.1] AndroidManifest.xml:20:5-44
MERGED from [android.arch.lifecycle:viewmodel:1.1.1] AndroidManifest.xml:20:5-44
MERGED from [com.android.support:versionedparcelable:28.0.0] AndroidManifest.xml:20:5-44
MERGED from [com.android.support:versionedparcelable:28.0.0] AndroidManifest.xml:20:5-44
MERGED from [android.arch.lifecycle:runtime:1.1.1] AndroidManifest.xml:20:5-44
MERGED from [android.arch.lifecycle:runtime:1.1.1] AndroidManifest.xml:20:5-44
MERGED from [com.android.support:interpolator:28.0.0] AndroidManifest.xml:20:5-44
MERGED from [com.android.support:interpolator:28.0.0] AndroidManifest.xml:20:5-44
MERGED from [com.android.support:cursoradapter:28.0.0] AndroidManifest.xml:20:5-44
MERGED from [com.android.support:cursoradapter:28.0.0] AndroidManifest.xml:20:5-44
MERGED from [com.android.support:documentfile:28.0.0] AndroidManifest.xml:20:5-44
MERGED from [com.android.support:documentfile:28.0.0] AndroidManifest.xml:20:5-44
MERGED from [com.android.support:localbroadcastmanager:28.0.0] AndroidManifest.xml:20:5-44
MERGED from [com.android.support:localbroadcastmanager:28.0.0] AndroidManifest.xml:20:5-44
MERGED from [com.android.support:print:28.0.0] AndroidManifest.xml:20:5-44
MERGED from [com.android.support:print:28.0.0] AndroidManifest.xml:20:5-44
MERGED from [android.arch.lifecycle:livedata:1.1.1] AndroidManifest.xml:20:5-44
MERGED from [android.arch.lifecycle:livedata:1.1.1] AndroidManifest.xml:20:5-44
MERGED from [android.arch.lifecycle:livedata-core:1.1.1] AndroidManifest.xml:20:5-44
MERGED from [android.arch.lifecycle:livedata-core:1.1.1] AndroidManifest.xml:20:5-44
MERGED from [android.arch.core:runtime:1.1.1] AndroidManifest.xml:20:5-44
MERGED from [android.arch.core:runtime:1.1.1] AndroidManifest.xml:20:5-44
INJECTED from src/main/AndroidManifest.xml
INJECTED from src/main/AndroidManifest.xml
	android:targetSdkVersion
		INJECTED from src/main/AndroidManifest.xml
		ADDED from src/main/AndroidManifest.xml
		INJECTED from src/main/AndroidManifest.xml
	android:minSdkVersion
		INJECTED from src/main/AndroidManifest.xml
		ADDED from src/main/AndroidManifest.xml
		INJECTED from src/main/AndroidManifest.xml